{
  "stats": {
    "suites": 1,
    "tests": 1,
    "passes": 0,
    "pending": 0,
    "failures": 1,
    "start": "2022-01-26T15:21:55.174Z",
    "end": "2022-01-26T15:22:53.205Z",
    "duration": 58031,
    "testsRegistered": 1,
    "passPercent": 0,
    "pendingPercent": 0,
    "other": 0,
    "hasOther": false,
    "skipped": 0,
    "hasSkipped": false
  },
  "results": [
    {
      "uuid": "4399e71b-feef-4499-a7b8-a57764da6daf",
      "title": "",
      "fullFile": "cypress/integration/Amazon.feature",
      "file": "cypress/integration/Amazon.feature",
      "beforeHooks": [],
      "afterHooks": [],
      "tests": [],
      "suites": [
        {
          "uuid": "0b66126f-b0a7-4fed-93bb-c99ee337e259",
          "title": "Amazon Page validation",
          "fullFile": "",
          "file": "",
          "beforeHooks": [],
          "afterHooks": [],
          "tests": [
            {
              "title": "Validating Search_ApplyingFilters_ProductDetailsPage functionalities",
              "fullTitle": "Amazon Page validation Validating Search_ApplyingFilters_ProductDetailsPage functionalities",
              "timedOut": null,
              "duration": 54436,
              "state": "failed",
              "speed": null,
              "pass": false,
              "fail": true,
              "pending": false,
              "context": null,
              "code": "const state = window.testState;\nreturn cy\n  .then(() => state.onStartScenario(scenario, indexedSteps))\n  .then(() =>\n    resolveAndRunBeforeHooks.call(this, scenario.tags, state.feature.name)\n  )\n  .then(() =>\n    indexedSteps.forEach((step) =>\n      stepTest.call(this, state, step, rowData)\n    )\n  )\n  .then(() => state.onFinishScenario(scenario));",
              "err": {
                "message": "AssertionError: Timed out retrying after 4000ms: Expected to find element: `#dropdown_selected_size_name`, but never found it.",
                "estack": "AssertionError: Timed out retrying after 4000ms: Expected to find element: `#dropdown_selected_size_name`, but never found it.\n    at Context.eval (https://www.amazon.com/__cypress/tests?p=cypress\\integration\\Amazon.feature:88:6)\n    at Context.resolveAndRunStepDefinition (https://www.amazon.com/__cypress/tests?p=cypress\\integration\\Amazon.feature:10548:29)\n    at Context.eval (https://www.amazon.com/__cypress/tests?p=cypress\\integration\\Amazon.feature:9869:35)",
                "diff": null
              },
              "uuid": "ee41c32f-de56-4e0b-9ab0-e8d52a418e8c",
              "parentUUID": "0b66126f-b0a7-4fed-93bb-c99ee337e259",
              "isHook": false,
              "skipped": false
            }
          ],
          "suites": [],
          "passes": [],
          "failures": [
            "ee41c32f-de56-4e0b-9ab0-e8d52a418e8c"
          ],
          "pending": [],
          "skipped": [],
          "duration": 54436,
          "root": false,
          "rootEmpty": false,
          "_timeout": 2000
        }
      ],
      "passes": [],
      "failures": [],
      "pending": [],
      "skipped": [],
      "duration": 0,
      "root": true,
      "rootEmpty": true,
      "_timeout": 2000
    }
  ],
  "meta": {
    "mocha": {
      "version": "7.0.1"
    },
    "mochawesome": {
      "options": {
        "quiet": false,
        "reportFilename": "mochawesome",
        "saveHtml": true,
        "saveJson": true,
        "consoleReporter": "spec",
        "useInlineDiffs": false,
        "code": true
      },
      "version": "6.3.1"
    },
    "marge": {
      "options": {
        "reportDir": "cypress/reports",
        "overwrite": false,
        "html": true,
        "json": true,
        "timestamp": "mmddyyyy_HHMMss"
      },
      "version": "5.2.0"
    }
  }
}